 Process in group number            1
 A PDF is used, so alpha_s(MZ) is going to be modified
 Old value of alpha_s from param_card:   0.11870000000000000     
  ****************************************
 
       NNPDFDriver version 1.0.3
   Grid: NNPDF23_lo_as_0130_qed_mem0.grid
  ****************************************
 New value of alpha_s from PDF nn23lo1:  0.13000000000000000     
 Define smin to   0.0000000000000000     
 *****************************************************
 *               MadGraph/MadEvent                   *
 *        --------------------------------           *
 *          http://madgraph.hep.uiuc.edu             *
 *          http://madgraph.phys.ucl.ac.be           *
 *          http://madgraph.roma2.infn.it            *
 *        --------------------------------           *
 *                                                   *
 *          PARAMETER AND COUPLING VALUES            *
 *                                                   *
 *****************************************************

  External Params
  ---------------------------------
  
 mdl_Md1 =    5.0000000000000001E-003
 mdl_Md2 =    9.5000000000000001E-002
 mdl_Md3 =    4.1799999999999997     
 mdl_Mu1 =    2.5000000000000001E-003
 mdl_Mu2 =    1.2700000000000000     
 mdl_Mu3 =    173.50000000000000     
 mdl_Wu3 =    1.5552640000000000     
 mdl_Me1 =    5.1099890000000001E-004
 mdl_Me2 =   0.10565840000000000     
 mdl_Me3 =    1.7766900000000001     
 mdl_Mnu4 =    50.000000000000000     
 mdl_Wnu4 =    2.1969330000000001E-012
 mdl_Mnu5 =    1100.0000000000000     
 mdl_Wnu5 =    1.3370700000000001E-012
 mdl_Mnu6 =    1120.0000000000000     
 mdl_Wnu6 =    7.6352980000000005E-012
 mdl_Mh =    130.28770000000000     
 mdl_Wh =    4.7562309999999997E-003
 mdl_MZ =    91.188699999999997     
 mdl_WZ =    2.4952000000000001     
 mdl_WWp =    2.0476000000000001     
 mdl_rYv11 =    2.3000000000000000E-005
 mdl_iYv11 =    0.0000000000000000     
 mdl_rYv12 =    0.0000000000000000     
 mdl_iYv12 =    0.0000000000000000     
 mdl_rYv13 =    0.0000000000000000     
 mdl_iYv13 =    0.0000000000000000     
 mdl_rYv21 =    9.9999999999999995E-008
 mdl_iYv21 =    0.0000000000000000     
 mdl_rYv22 =    9.9999999999999995E-008
 mdl_iYv22 =    0.0000000000000000     
 mdl_rYv23 =    9.9999999999999995E-008
 mdl_iYv23 =    0.0000000000000000     
 mdl_rYv31 =    0.0000000000000000     
 mdl_iYv31 =    0.0000000000000000     
 mdl_rYv32 =   -2.8999999999999998E-007
 mdl_iYv32 =    0.0000000000000000     
 mdl_rYv33 =    2.8999999999999998E-007
 mdl_iYv33 =    0.0000000000000000     
 mdl_rZDL11 =    1.0000000000000000     
 mdl_iZDL11 =    0.0000000000000000     
 mdl_rZDL12 =    0.0000000000000000     
 mdl_iZDL12 =    0.0000000000000000     
 mdl_rZDL13 =    0.0000000000000000     
 mdl_iZDL13 =    0.0000000000000000     
 mdl_rZDL21 =    0.0000000000000000     
 mdl_iZDL21 =    0.0000000000000000     
 mdl_rZDL22 =    1.0000000000000000     
 mdl_iZDL22 =    0.0000000000000000     
 mdl_rZDL23 =    0.0000000000000000     
 mdl_iZDL23 =    0.0000000000000000     
 mdl_rZDL31 =    0.0000000000000000     
 mdl_iZDL31 =    0.0000000000000000     
 mdl_rZDL32 =    0.0000000000000000     
 mdl_iZDL32 =    0.0000000000000000     
 mdl_rZDL33 =    1.0000000000000000     
 mdl_iZDL33 =    0.0000000000000000     
 mdl_rZDR11 =    1.0000000000000000     
 mdl_iZDR11 =    0.0000000000000000     
 mdl_rZDR12 =    0.0000000000000000     
 mdl_iZDR12 =    0.0000000000000000     
 mdl_rZDR13 =    0.0000000000000000     
 mdl_iZDR13 =    0.0000000000000000     
 mdl_rZDR21 =    0.0000000000000000     
 mdl_iZDR21 =    0.0000000000000000     
 mdl_rZDR22 =    1.0000000000000000     
 mdl_iZDR22 =    0.0000000000000000     
 mdl_rZDR23 =    0.0000000000000000     
 mdl_iZDR23 =    0.0000000000000000     
 mdl_rZDR31 =    0.0000000000000000     
 mdl_iZDR31 =    0.0000000000000000     
 mdl_rZDR32 =    0.0000000000000000     
 mdl_iZDR32 =    0.0000000000000000     
 mdl_rZDR33 =    1.0000000000000000     
 mdl_iZDR33 =    0.0000000000000000     
 mdl_rZUL11 =   -1.0000000000000000     
 mdl_iZUL11 =    0.0000000000000000     
 mdl_rZUL12 =   -2.1684039999999999E-019
 mdl_iZUL12 =    0.0000000000000000     
 mdl_rZUL13 =    0.0000000000000000     
 mdl_iZUL13 =    0.0000000000000000     
 mdl_rZUL21 =    2.1684039999999999E-019
 mdl_iZUL21 =    0.0000000000000000     
 mdl_rZUL22 =   -1.0000000000000000     
 mdl_iZUL22 =    0.0000000000000000     
 mdl_rZUL23 =    0.0000000000000000     
 mdl_iZUL23 =    0.0000000000000000     
 mdl_rZUL31 =    0.0000000000000000     
 mdl_iZUL31 =    0.0000000000000000     
 mdl_rZUL32 =    0.0000000000000000     
 mdl_iZUL32 =    0.0000000000000000     
 mdl_rZUL33 =   -1.0000000000000000     
 mdl_iZUL33 =    0.0000000000000000     
 mdl_rZUR11 =   0.97427220000000003     
 mdl_iZUR11 =    0.0000000000000000     
 mdl_rZUR12 =   0.22534870000000001     
 mdl_iZUR12 =    0.0000000000000000     
 mdl_rZUR13 =    3.4249940000000002E-003
 mdl_iZUR13 =    0.0000000000000000     
 mdl_rZUR21 =  -0.22529620000000000     
 mdl_iZUR21 =    0.0000000000000000     
 mdl_rZUR22 =   0.97341949999999999     
 mdl_iZUR22 =    0.0000000000000000     
 mdl_rZUR23 =    4.1184470000000001E-002
 mdl_iZUR23 =    0.0000000000000000     
 mdl_rZUR31 =    5.9469090000000002E-003
 mdl_iZUR31 =    0.0000000000000000     
 mdl_rZUR32 =   -4.0896519999999999E-002
 mdl_iZUR32 =    0.0000000000000000     
 mdl_rZUR33 =   0.99914570000000003     
 mdl_iZUR33 =    0.0000000000000000     
 mdl_rZEL11 =    1.0000000000000000     
 mdl_iZEL11 =    0.0000000000000000     
 mdl_rZEL12 =    0.0000000000000000     
 mdl_iZEL12 =    0.0000000000000000     
 mdl_rZEL13 =    0.0000000000000000     
 mdl_iZEL13 =    0.0000000000000000     
 mdl_rZEL21 =    0.0000000000000000     
 mdl_iZEL21 =    0.0000000000000000     
 mdl_rZEL22 =    1.0000000000000000     
 mdl_iZEL22 =    0.0000000000000000     
 mdl_rZEL23 =    0.0000000000000000     
 mdl_iZEL23 =    0.0000000000000000     
 mdl_rZEL31 =    0.0000000000000000     
 mdl_iZEL31 =    0.0000000000000000     
 mdl_rZEL32 =    0.0000000000000000     
 mdl_iZEL32 =    0.0000000000000000     
 mdl_rZEL33 =    1.0000000000000000     
 mdl_iZEL33 =    0.0000000000000000     
 mdl_rZER11 =    1.0000000000000000     
 mdl_iZER11 =    0.0000000000000000     
 mdl_rZER12 =    0.0000000000000000     
 mdl_iZER12 =    0.0000000000000000     
 mdl_rZER13 =    0.0000000000000000     
 mdl_iZER13 =    0.0000000000000000     
 mdl_rZER21 =    0.0000000000000000     
 mdl_iZER21 =    0.0000000000000000     
 mdl_rZER22 =    1.0000000000000000     
 mdl_iZER22 =    0.0000000000000000     
 mdl_rZER23 =    0.0000000000000000     
 mdl_iZER23 =    0.0000000000000000     
 mdl_rZER31 =    0.0000000000000000     
 mdl_iZER31 =    0.0000000000000000     
 mdl_rZER32 =    0.0000000000000000     
 mdl_iZER32 =    0.0000000000000000     
 mdl_rZER33 =    1.0000000000000000     
 mdl_iZER33 =    0.0000000000000000     
 mdl_rVv11 =   -0.0000000000000000     
 mdl_iVv11 =   -4.8606770000000003E-007
 mdl_rVv12 =    0.0000000000000000     
 mdl_iVv12 =   0.70710680000000004     
 mdl_rVv13 =    0.0000000000000000     
 mdl_iVv13 =   0.70710680000000004     
 mdl_rVv14 =   -0.0000000000000000     
 mdl_iVv14 =   -9.7320420000000003E-011
 mdl_rVv15 =    0.0000000000000000     
 mdl_iVv15 =    2.2383680000000001E-008
 mdl_rVv16 =    0.0000000000000000     
 mdl_iVv16 =    5.5550469999999999E-028
 mdl_rVv21 =    0.0000000000000000     
 mdl_iVv21 =    4.2352819999999997E-027
 mdl_rVv22 =   -0.0000000000000000     
 mdl_iVv22 =  -0.70710680000000004     
 mdl_rVv23 =    0.0000000000000000     
 mdl_iVv23 =   0.70710680000000004     
 mdl_rVv24 =    0.0000000000000000     
 mdl_iVv24 =    8.4798750000000007E-031
 mdl_rVv25 =   -0.0000000000000000     
 mdl_iVv25 =   -1.9503599999999999E-028
 mdl_rVv26 =    0.0000000000000000     
 mdl_iVv26 =    6.3753540000000002E-008
 mdl_rVv31 =    0.0000000000000000     
 mdl_iVv31 =    1.0000000000000000     
 mdl_rVv32 =    0.0000000000000000     
 mdl_iVv32 =    3.4370180000000001E-007
 mdl_rVv33 =    0.0000000000000000     
 mdl_iVv33 =    3.4370180000000001E-007
 mdl_rVv34 =    0.0000000000000000     
 mdl_iVv34 =    2.0021990000000000E-004
 mdl_rVv35 =    0.0000000000000000     
 mdl_iVv35 =    1.5827669999999999E-008
 mdl_rVv36 =   -0.0000000000000000     
 mdl_iVv36 =   -1.2740230000000000E-039
 mdl_rVv41 =    1.0000000000000000E-004
 mdl_iVv41 =    0.0000000000000000     
 mdl_rVv42 =   -2.8097779999999998E-018
 mdl_iVv42 =    0.0000000000000000     
 mdl_rVv43 =   -2.8097779999999998E-018
 mdl_iVv43 =    0.0000000000000000     
 mdl_rVv44 =   -1.0000000000000000     
 mdl_iVv44 =    0.0000000000000000     
 mdl_rVv45 =    3.2276970000000000E-012
 mdl_iVv45 =    0.0000000000000000     
 mdl_rVv46 =   -6.4687690000000001E-052
 mdl_iVv46 =    0.0000000000000000     
 mdl_rVv51 =   -1.5827659999999999E-008
 mdl_iVv51 =    0.0000000000000000     
 mdl_rVv52 =   -1.5827659999999999E-008
 mdl_iVv52 =    0.0000000000000000     
 mdl_rVv53 =   -1.5827659999999999E-008
 mdl_iVv53 =    0.0000000000000000     
 mdl_rVv54 =    5.8685399999999995E-014
 mdl_iVv54 =    0.0000000000000000     
 mdl_rVv55 =    1.0000000000000000     
 mdl_iVv55 =    0.0000000000000000     
 mdl_rVv56 =   -4.3047890000000000E-041
 mdl_iVv56 =    0.0000000000000000     
 mdl_rVv61 =   -3.8322509999999997E-049
 mdl_iVv61 =    0.0000000000000000     
 mdl_rVv62 =    4.5080559999999997E-008
 mdl_iVv62 =    0.0000000000000000     
 mdl_rVv63 =   -4.5080559999999997E-008
 mdl_iVv63 =    0.0000000000000000     
 mdl_rVv64 =    5.9808920000000002E-055
 mdl_iVv64 =    0.0000000000000000     
 mdl_rVv65 =    3.9813459999999999E-041
 mdl_iVv65 =    0.0000000000000000     
 mdl_rVv66 =    1.0000000000000000     
 mdl_iVv66 =    0.0000000000000000     
 aS =   0.11870000000000000     
 aEWM1 =    127.93200000000000     
 mdl_Gf =    1.1663700000000000E-005
 mdl_HPP1 =    3.3598690000000000E-005
 mdl_HGG1 =    6.5965690000000004E-005
  Internal Params
  ---------------------------------
  
 mdl_complexi =                (0.0000000000000000,1.0000000000000000)
 mdl_Yv11 =          (2.30000000000000000E-005,0.0000000000000000)
 mdl_Yv12 =                (0.0000000000000000,0.0000000000000000)
 mdl_Yv13 =                (0.0000000000000000,0.0000000000000000)
 mdl_Yv21 =          (9.99999999999999955E-008,0.0000000000000000)
 mdl_Yv22 =          (9.99999999999999955E-008,0.0000000000000000)
 mdl_Yv23 =          (9.99999999999999955E-008,0.0000000000000000)
 mdl_Yv31 =                (0.0000000000000000,0.0000000000000000)
 mdl_Yv32 =         (-2.89999999999999976E-007,0.0000000000000000)
 mdl_Yv33 =          (2.89999999999999976E-007,0.0000000000000000)
 mdl_ZDL11 =                (1.0000000000000000,0.0000000000000000)
 mdl_ZDL12 =                (0.0000000000000000,0.0000000000000000)
 mdl_ZDL13 =                (0.0000000000000000,0.0000000000000000)
 mdl_ZDL21 =                (0.0000000000000000,0.0000000000000000)
 mdl_ZDL22 =                (1.0000000000000000,0.0000000000000000)
 mdl_ZDL23 =                (0.0000000000000000,0.0000000000000000)
 mdl_ZDL31 =                (0.0000000000000000,0.0000000000000000)
 mdl_ZDL32 =                (0.0000000000000000,0.0000000000000000)
 mdl_ZDL33 =                (1.0000000000000000,0.0000000000000000)
 mdl_ZDR11 =                (1.0000000000000000,0.0000000000000000)
 mdl_ZDR12 =                (0.0000000000000000,0.0000000000000000)
 mdl_ZDR13 =                (0.0000000000000000,0.0000000000000000)
 mdl_ZDR21 =                (0.0000000000000000,0.0000000000000000)
 mdl_ZDR22 =                (1.0000000000000000,0.0000000000000000)
 mdl_ZDR23 =                (0.0000000000000000,0.0000000000000000)
 mdl_ZDR31 =                (0.0000000000000000,0.0000000000000000)
 mdl_ZDR32 =                (0.0000000000000000,0.0000000000000000)
 mdl_ZDR33 =                (1.0000000000000000,0.0000000000000000)
 mdl_ZUL11 =               (-1.0000000000000000,0.0000000000000000)
 mdl_ZUL12 =         (-2.16840399999999988E-019,0.0000000000000000)
 mdl_ZUL13 =                (0.0000000000000000,0.0000000000000000)
 mdl_ZUL21 =          (2.16840399999999988E-019,0.0000000000000000)
 mdl_ZUL22 =               (-1.0000000000000000,0.0000000000000000)
 mdl_ZUL23 =                (0.0000000000000000,0.0000000000000000)
 mdl_ZUL31 =                (0.0000000000000000,0.0000000000000000)
 mdl_ZUL32 =                (0.0000000000000000,0.0000000000000000)
 mdl_ZUL33 =               (-1.0000000000000000,0.0000000000000000)
 mdl_ZUR11 =               (0.97427220000000003,0.0000000000000000)
 mdl_ZUR12 =               (0.22534870000000001,0.0000000000000000)
 mdl_ZUR13 =          (3.42499400000000022E-003,0.0000000000000000)
 mdl_ZUR21 =              (-0.22529620000000000,0.0000000000000000)
 mdl_ZUR22 =               (0.97341949999999999,0.0000000000000000)
 mdl_ZUR23 =          (4.11844700000000008E-002,0.0000000000000000)
 mdl_ZUR31 =          (5.94690900000000022E-003,0.0000000000000000)
 mdl_ZUR32 =         (-4.08965199999999987E-002,0.0000000000000000)
 mdl_ZUR33 =               (0.99914570000000003,0.0000000000000000)
 mdl_ZEL11 =                (1.0000000000000000,0.0000000000000000)
 mdl_ZEL12 =                (0.0000000000000000,0.0000000000000000)
 mdl_ZEL13 =                (0.0000000000000000,0.0000000000000000)
 mdl_ZEL21 =                (0.0000000000000000,0.0000000000000000)
 mdl_ZEL22 =                (1.0000000000000000,0.0000000000000000)
 mdl_ZEL23 =                (0.0000000000000000,0.0000000000000000)
 mdl_ZEL31 =                (0.0000000000000000,0.0000000000000000)
 mdl_ZEL32 =                (0.0000000000000000,0.0000000000000000)
 mdl_ZEL33 =                (1.0000000000000000,0.0000000000000000)
 mdl_ZER11 =                (1.0000000000000000,0.0000000000000000)
 mdl_ZER12 =                (0.0000000000000000,0.0000000000000000)
 mdl_ZER13 =                (0.0000000000000000,0.0000000000000000)
 mdl_ZER21 =                (0.0000000000000000,0.0000000000000000)
 mdl_ZER22 =                (1.0000000000000000,0.0000000000000000)
 mdl_ZER23 =                (0.0000000000000000,0.0000000000000000)
 mdl_ZER31 =                (0.0000000000000000,0.0000000000000000)
 mdl_ZER32 =                (0.0000000000000000,0.0000000000000000)
 mdl_ZER33 =                (1.0000000000000000,0.0000000000000000)
 mdl_Vv11 =        (-0.0000000000000000,-4.86067700000000032E-007)
 mdl_Vv12 =               (0.0000000000000000,0.70710680000000004)
 mdl_Vv13 =               (0.0000000000000000,0.70710680000000004)
 mdl_Vv14 =        (-0.0000000000000000,-9.73204200000000031E-011)
 mdl_Vv15 =          (0.0000000000000000,2.23836800000000010E-008)
 mdl_Vv16 =          (0.0000000000000000,5.55504699999999989E-028)
 mdl_Vv21 =          (0.0000000000000000,4.23528199999999970E-027)
 mdl_Vv22 =             (-0.0000000000000000,-0.70710680000000004)
 mdl_Vv23 =               (0.0000000000000000,0.70710680000000004)
 mdl_Vv24 =          (0.0000000000000000,8.47987500000000067E-031)
 mdl_Vv25 =        (-0.0000000000000000,-1.95035999999999995E-028)
 mdl_Vv26 =          (0.0000000000000000,6.37535400000000019E-008)
 mdl_Vv31 =                (0.0000000000000000,1.0000000000000000)
 mdl_Vv32 =          (0.0000000000000000,3.43701800000000005E-007)
 mdl_Vv33 =          (0.0000000000000000,3.43701800000000005E-007)
 mdl_Vv34 =          (0.0000000000000000,2.00219899999999997E-004)
 mdl_Vv35 =          (0.0000000000000000,1.58276699999999986E-008)
 mdl_Vv36 =        (-0.0000000000000000,-1.27402299999999995E-039)
 mdl_Vv41 =          (1.00000000000000005E-004,0.0000000000000000)
 mdl_Vv42 =         (-2.80977799999999983E-018,0.0000000000000000)
 mdl_Vv43 =         (-2.80977799999999983E-018,0.0000000000000000)
 mdl_Vv44 =               (-1.0000000000000000,0.0000000000000000)
 mdl_Vv45 =          (3.22769699999999995E-012,0.0000000000000000)
 mdl_Vv46 =         (-6.46876900000000011E-052,0.0000000000000000)
 mdl_Vv51 =         (-1.58276599999999987E-008,0.0000000000000000)
 mdl_Vv52 =         (-1.58276599999999987E-008,0.0000000000000000)
 mdl_Vv53 =         (-1.58276599999999987E-008,0.0000000000000000)
 mdl_Vv54 =          (5.86853999999999955E-014,0.0000000000000000)
 mdl_Vv55 =                (1.0000000000000000,0.0000000000000000)
 mdl_Vv56 =         (-4.30478900000000005E-041,0.0000000000000000)
 mdl_Vv61 =         (-3.83225099999999974E-049,0.0000000000000000)
 mdl_Vv62 =          (4.50805599999999972E-008,0.0000000000000000)
 mdl_Vv63 =         (-4.50805599999999972E-008,0.0000000000000000)
 mdl_Vv64 =          (5.98089200000000020E-055,0.0000000000000000)
 mdl_Vv65 =          (3.98134599999999989E-041,0.0000000000000000)
 mdl_Vv66 =                (1.0000000000000000,0.0000000000000000)
 mdl_MZ__exp__2 =    8315.3790076899986     
 mdl_MZ__exp__4 =    69145528.041531503     
 mdl_sqrt__2 =    1.4142135623730951     
 mdl_Yu12 =                (0.0000000000000000,0.0000000000000000)
 mdl_Yu13 =                (0.0000000000000000,0.0000000000000000)
 mdl_Yu21 =                (0.0000000000000000,0.0000000000000000)
 mdl_Yu23 =                (0.0000000000000000,0.0000000000000000)
 mdl_Yu31 =                (0.0000000000000000,0.0000000000000000)
 mdl_Yu32 =                (0.0000000000000000,0.0000000000000000)
 mdl_Yd12 =                (0.0000000000000000,0.0000000000000000)
 mdl_Yd13 =                (0.0000000000000000,0.0000000000000000)
 mdl_Yd21 =                (0.0000000000000000,0.0000000000000000)
 mdl_Yd23 =                (0.0000000000000000,0.0000000000000000)
 mdl_Yd31 =                (0.0000000000000000,0.0000000000000000)
 mdl_Yd32 =                (0.0000000000000000,0.0000000000000000)
 mdl_Ye12 =                (0.0000000000000000,0.0000000000000000)
 mdl_Ye13 =                (0.0000000000000000,0.0000000000000000)
 mdl_Ye21 =                (0.0000000000000000,0.0000000000000000)
 mdl_Ye23 =                (0.0000000000000000,0.0000000000000000)
 mdl_Ye31 =                (0.0000000000000000,0.0000000000000000)
 mdl_Ye32 =                (0.0000000000000000,0.0000000000000000)
 mdl_Mh__exp__2 =    16974.884771289999     
 mdl_RXiWp =    1.0000000000000000     
 mdl_RXiZ =    1.0000000000000000     
 mdl_conjg__ZDL11 =               (1.0000000000000000,-0.0000000000000000)
 mdl_conjg__ZDR11 =               (1.0000000000000000,-0.0000000000000000)
 mdl_conjg__ZDR12 =               (0.0000000000000000,-0.0000000000000000)
 mdl_conjg__ZDR13 =               (0.0000000000000000,-0.0000000000000000)
 mdl_conjg__ZDL12 =               (0.0000000000000000,-0.0000000000000000)
 mdl_conjg__ZDL13 =               (0.0000000000000000,-0.0000000000000000)
 mdl_conjg__Yd21 =               (0.0000000000000000,-0.0000000000000000)
 mdl_conjg__Yd31 =               (0.0000000000000000,-0.0000000000000000)
 mdl_conjg__Yd12 =               (0.0000000000000000,-0.0000000000000000)
 mdl_conjg__Yd32 =               (0.0000000000000000,-0.0000000000000000)
 mdl_conjg__Yd13 =               (0.0000000000000000,-0.0000000000000000)
 mdl_conjg__Yd23 =               (0.0000000000000000,-0.0000000000000000)
 mdl_conjg__ZDL21 =               (0.0000000000000000,-0.0000000000000000)
 mdl_conjg__ZDL22 =               (1.0000000000000000,-0.0000000000000000)
 mdl_conjg__ZDL23 =               (0.0000000000000000,-0.0000000000000000)
 mdl_conjg__ZDL31 =               (0.0000000000000000,-0.0000000000000000)
 mdl_conjg__ZDL32 =               (0.0000000000000000,-0.0000000000000000)
 mdl_conjg__ZDL33 =               (1.0000000000000000,-0.0000000000000000)
 mdl_conjg__ZDR21 =               (0.0000000000000000,-0.0000000000000000)
 mdl_conjg__ZDR22 =               (1.0000000000000000,-0.0000000000000000)
 mdl_conjg__ZDR23 =               (0.0000000000000000,-0.0000000000000000)
 mdl_conjg__ZDR31 =               (0.0000000000000000,-0.0000000000000000)
 mdl_conjg__ZDR32 =               (0.0000000000000000,-0.0000000000000000)
 mdl_conjg__ZDR33 =               (1.0000000000000000,-0.0000000000000000)
 mdl_conjg__ZEL11 =               (1.0000000000000000,-0.0000000000000000)
 mdl_conjg__ZER11 =               (1.0000000000000000,-0.0000000000000000)
 mdl_conjg__ZER12 =               (0.0000000000000000,-0.0000000000000000)
 mdl_conjg__ZER13 =               (0.0000000000000000,-0.0000000000000000)
 mdl_conjg__ZEL12 =               (0.0000000000000000,-0.0000000000000000)
 mdl_conjg__ZEL13 =               (0.0000000000000000,-0.0000000000000000)
 mdl_conjg__Ye21 =               (0.0000000000000000,-0.0000000000000000)
 mdl_conjg__Ye31 =               (0.0000000000000000,-0.0000000000000000)
 mdl_conjg__Ye12 =               (0.0000000000000000,-0.0000000000000000)
 mdl_conjg__Ye32 =               (0.0000000000000000,-0.0000000000000000)
 mdl_conjg__Ye13 =               (0.0000000000000000,-0.0000000000000000)
 mdl_conjg__Ye23 =               (0.0000000000000000,-0.0000000000000000)
 mdl_conjg__ZEL21 =               (0.0000000000000000,-0.0000000000000000)
 mdl_conjg__ZEL22 =               (1.0000000000000000,-0.0000000000000000)
 mdl_conjg__ZEL23 =               (0.0000000000000000,-0.0000000000000000)
 mdl_conjg__ZEL31 =               (0.0000000000000000,-0.0000000000000000)
 mdl_conjg__ZEL32 =               (0.0000000000000000,-0.0000000000000000)
 mdl_conjg__ZEL33 =               (1.0000000000000000,-0.0000000000000000)
 mdl_conjg__ZER21 =               (0.0000000000000000,-0.0000000000000000)
 mdl_conjg__ZER22 =               (1.0000000000000000,-0.0000000000000000)
 mdl_conjg__ZER23 =               (0.0000000000000000,-0.0000000000000000)
 mdl_conjg__ZER31 =               (0.0000000000000000,-0.0000000000000000)
 mdl_conjg__ZER32 =               (0.0000000000000000,-0.0000000000000000)
 mdl_conjg__ZER33 =               (1.0000000000000000,-0.0000000000000000)
 mdl_conjg__ZUL11 =              (-1.0000000000000000,-0.0000000000000000)
 mdl_conjg__ZUR11 =              (0.97427220000000003,-0.0000000000000000)
 mdl_conjg__ZUR12 =              (0.22534870000000001,-0.0000000000000000)
 mdl_conjg__ZUR13 =         (3.42499400000000022E-003,-0.0000000000000000)
 mdl_conjg__ZUL12 =        (-2.16840399999999988E-019,-0.0000000000000000)
 mdl_conjg__ZUL13 =               (0.0000000000000000,-0.0000000000000000)
 mdl_conjg__Yu21 =               (0.0000000000000000,-0.0000000000000000)
 mdl_conjg__Yu31 =               (0.0000000000000000,-0.0000000000000000)
 mdl_conjg__Yu12 =               (0.0000000000000000,-0.0000000000000000)
 mdl_conjg__Yu32 =               (0.0000000000000000,-0.0000000000000000)
 mdl_conjg__Yu13 =               (0.0000000000000000,-0.0000000000000000)
 mdl_conjg__Yu23 =               (0.0000000000000000,-0.0000000000000000)
 mdl_conjg__ZUL21 =         (2.16840399999999988E-019,-0.0000000000000000)
 mdl_conjg__ZUL22 =              (-1.0000000000000000,-0.0000000000000000)
 mdl_conjg__ZUL23 =               (0.0000000000000000,-0.0000000000000000)
 mdl_conjg__ZUL31 =               (0.0000000000000000,-0.0000000000000000)
 mdl_conjg__ZUL32 =               (0.0000000000000000,-0.0000000000000000)
 mdl_conjg__ZUL33 =              (-1.0000000000000000,-0.0000000000000000)
 mdl_conjg__ZUR21 =             (-0.22529620000000000,-0.0000000000000000)
 mdl_conjg__ZUR22 =              (0.97341949999999999,-0.0000000000000000)
 mdl_conjg__ZUR23 =         (4.11844700000000008E-002,-0.0000000000000000)
 mdl_conjg__ZUR31 =         (5.94690900000000022E-003,-0.0000000000000000)
 mdl_conjg__ZUR32 =        (-4.08965199999999987E-002,-0.0000000000000000)
 mdl_conjg__ZUR33 =              (0.99914570000000003,-0.0000000000000000)
 mdl_conjg__Vv11 =         (-0.0000000000000000,4.86067700000000032E-007)
 mdl_conjg__Vv14 =         (-0.0000000000000000,9.73204200000000031E-011)
 mdl_conjg__Vv15 =         (0.0000000000000000,-2.23836800000000010E-008)
 mdl_conjg__Vv16 =         (0.0000000000000000,-5.55504699999999989E-028)
 mdl_conjg__Vv12 =              (0.0000000000000000,-0.70710680000000004)
 mdl_conjg__Vv13 =              (0.0000000000000000,-0.70710680000000004)
 mdl_conjg__Yv11 =         (2.30000000000000000E-005,-0.0000000000000000)
 mdl_conjg__Yv21 =         (9.99999999999999955E-008,-0.0000000000000000)
 mdl_conjg__Yv31 =               (0.0000000000000000,-0.0000000000000000)
 mdl_conjg__Yv12 =               (0.0000000000000000,-0.0000000000000000)
 mdl_conjg__Yv22 =         (9.99999999999999955E-008,-0.0000000000000000)
 mdl_conjg__Yv32 =        (-2.89999999999999976E-007,-0.0000000000000000)
 mdl_conjg__Yv13 =               (0.0000000000000000,-0.0000000000000000)
 mdl_conjg__Yv23 =         (9.99999999999999955E-008,-0.0000000000000000)
 mdl_conjg__Yv33 =         (2.89999999999999976E-007,-0.0000000000000000)
 mdl_conjg__Vv21 =         (0.0000000000000000,-4.23528199999999970E-027)
 mdl_conjg__Vv22 =              (-0.0000000000000000,0.70710680000000004)
 mdl_conjg__Vv23 =              (0.0000000000000000,-0.70710680000000004)
 mdl_conjg__Vv24 =         (0.0000000000000000,-8.47987500000000067E-031)
 mdl_conjg__Vv25 =         (-0.0000000000000000,1.95035999999999995E-028)
 mdl_conjg__Vv26 =         (0.0000000000000000,-6.37535400000000019E-008)
 mdl_conjg__Vv31 =               (0.0000000000000000,-1.0000000000000000)
 mdl_conjg__Vv32 =         (0.0000000000000000,-3.43701800000000005E-007)
 mdl_conjg__Vv33 =         (0.0000000000000000,-3.43701800000000005E-007)
 mdl_conjg__Vv34 =         (0.0000000000000000,-2.00219899999999997E-004)
 mdl_conjg__Vv35 =         (0.0000000000000000,-1.58276699999999986E-008)
 mdl_conjg__Vv36 =         (-0.0000000000000000,1.27402299999999995E-039)
 mdl_conjg__Vv41 =         (1.00000000000000005E-004,-0.0000000000000000)
 mdl_conjg__Vv42 =        (-2.80977799999999983E-018,-0.0000000000000000)
 mdl_conjg__Vv43 =        (-2.80977799999999983E-018,-0.0000000000000000)
 mdl_conjg__Vv44 =              (-1.0000000000000000,-0.0000000000000000)
 mdl_conjg__Vv45 =         (3.22769699999999995E-012,-0.0000000000000000)
 mdl_conjg__Vv46 =        (-6.46876900000000011E-052,-0.0000000000000000)
 mdl_conjg__Vv51 =        (-1.58276599999999987E-008,-0.0000000000000000)
 mdl_conjg__Vv52 =        (-1.58276599999999987E-008,-0.0000000000000000)
 mdl_conjg__Vv53 =        (-1.58276599999999987E-008,-0.0000000000000000)
 mdl_conjg__Vv54 =         (5.86853999999999955E-014,-0.0000000000000000)
 mdl_conjg__Vv55 =               (1.0000000000000000,-0.0000000000000000)
 mdl_conjg__Vv56 =        (-4.30478900000000005E-041,-0.0000000000000000)
 mdl_conjg__Vv61 =        (-3.83225099999999974E-049,-0.0000000000000000)
 mdl_conjg__Vv62 =         (4.50805599999999972E-008,-0.0000000000000000)
 mdl_conjg__Vv63 =        (-4.50805599999999972E-008,-0.0000000000000000)
 mdl_conjg__Vv64 =         (5.98089200000000020E-055,-0.0000000000000000)
 mdl_conjg__Vv65 =         (3.98134599999999989E-041,-0.0000000000000000)
 mdl_conjg__Vv66 =               (1.0000000000000000,-0.0000000000000000)
 mdl_el =   0.31341179539660691     
 mdl_MWp =    79.830124730799767     
 mdl_MWp__exp__2 =    6372.8488145350484     
 mdl_TW =   0.50445341624860907     
 mdl_cos__TW =   0.87543878496787175     
 mdl_g1 =   0.35800538059107012     
 mdl_sin__TW =   0.48332901193077199     
 mdl_g2 =   0.64844399500168515     
 mdl_g2__exp__2 =   0.42047961465374545     
 mdl_v =    246.22056907348585     
 mdl_Yu11 =          (1.43592142575120882E-005,0.0000000000000000)
 mdl_Yu22 =          (7.29448084281614055E-003,0.0000000000000000)
 mdl_Yu33 =               (0.99652946947133891,0.0000000000000000)
 mdl_Yd11 =          (2.87184285150241764E-005,0.0000000000000000)
 mdl_Yd22 =          (5.45650141785459413E-004,0.0000000000000000)
 mdl_Yd33 =          (2.40086062385602081E-002,0.0000000000000000)
 mdl_Ye11 =          (2.93501707618119725E-006,0.0000000000000000)
 mdl_Ye22 =          (6.06868641482366023E-004,0.0000000000000000)
 mdl_Ye33 =          (1.02047489516716612E-002,0.0000000000000000)
 mdl_v__exp__2 =    60624.568634871219     
 mdl_Lam =               (0.28000009160520534,0.0000000000000000)
 mdl_conjg__Lam =              (0.28000009160520534,-0.0000000000000000)
 mdl_g1__exp__2 =   0.12816785253215696     
 mdl_conjg__Yd11 =         (2.87184285150241764E-005,-0.0000000000000000)
 mdl_conjg__Yd22 =         (5.45650141785459413E-004,-0.0000000000000000)
 mdl_conjg__Yd33 =         (2.40086062385602081E-002,-0.0000000000000000)
 mdl_conjg__Ye11 =         (2.93501707618119725E-006,-0.0000000000000000)
 mdl_conjg__Ye22 =         (6.06868641482366023E-004,-0.0000000000000000)
 mdl_conjg__Ye33 =         (1.02047489516716612E-002,-0.0000000000000000)
 mdl_conjg__Yu11 =         (1.43592142575120882E-005,-0.0000000000000000)
 mdl_conjg__Yu22 =         (7.29448084281614055E-003,-0.0000000000000000)
 mdl_conjg__Yu33 =              (0.99652946947133891,-0.0000000000000000)
  Internal Params evaluated point by point
  ----------------------------------------
  
 mdl_sqrt__aS =   0.34452866353904432     
 mdl_G__exp__2 =                (1.4916281919244339,0.0000000000000000)
  Couplings of SM_SST1_UFO
  ---------------------------------
  
       GC_345 =  -0.00000E+00  -0.45852E+00
       GC_346 =  -0.00000E+00  -0.99425E-19
       GC_348 =   0.00000E+00   0.99425E-19
       GC_349 =  -0.00000E+00  -0.45852E+00
       GC_462 =   0.00000E+00   0.45852E-04

 Collider parameters:
 --------------------

 Running at P P   machine @    13000.000000000000       GeV
 PDF set = nn23lo1
 alpha_s(Mz)= 0.1300 running at 2 loops.
 alpha_s(Mz)= 0.1300 running at 2 loops.
 Renormalization scale set on event-by-event basis
 Factorization   scale set on event-by-event basis


 getting user params
Enter number of events and max and min iterations: 
 Number of events and iterations         1000           5           3
Enter desired fractional accuracy: 
 Desired fractional accuracy:   0.10000000000000001     
Enter 0 for fixed, 2 for adjustable grid: 
Suppress amplitude (0 no, 1 yes)? 
 Using suppressed amplitude.
Exact helicity sum (0 yes, n = number/event)? 
 Explicitly summing over helicities
Enter Configuration Number: 
Running Configuration Number:    1
 Not subdividing B.W.
 Attempting mappinvarients           1           4
 Completed mapping           4
 about to integrate            4        1000           5           3           4           1
 Using non-zero grid deformation.
  4 dimensions   1000 events  4 invarients  5 iterations  1 config(s),  (0.99)
 Using h-tuple random number sequence.
 fail to read data
 Error opening grid
 Using Uniform Grid!          16
 Using uniform alpha   1.0000000000000000     
 Grid defined OK
 Set CM energy to      13000.00
 Mapping Graph           1  to config           1
 Setting PDF BW           3           1   79.830124730799767     
 Transforming s_hat BW    3.7709164583047631E-005   9.6721990176796233E-007
 Masses: 0.250E-02 0.500E-02 0.511E-03 0.500E+02
   1   1   2   3   4
Using random seed offsets     1 :      1
  with seed                   24
 Ranmar initialization seeds       31059        9398
 
 ********************************************
 * You are using the DiscreteSampler module *
 *      part of the MG5_aMC framework       *
 *         Author: Valentin Hirschi         *
 ********************************************
 
  Particle       3       4
      Et >     0.0     0.0
       E >     0.0     0.0
     Eta <    -1.0    -1.0
   xqcut:      0.0     0.0
d R # 3  >    -0.0     0.0
s min # 3>     0.0     0.0
xqcutij # 3>     0.0     0.0
 No cut BW           -1           1
 alpha_s for scale    80.799146837857165       is   0.13267987277774790     
 Added good helicity            5   3.3707182097920195E-008  in event            1 local:           1
 Added good helicity            6   3.6751837015442339E-008  in event            1 local:           1
 Added good helicity            9   1.3482872761721857E-007  in event            1 local:           1
 Added good helicity           10   1.6455662278036604E-007  in event            1 local:           1
 Added good helicity           13   2.5171268689921384       in event            1 local:           1
 Added good helicity           14   13.482872737654327       in event            1 local:           1
 Added good helicity           16   1.9810689537253515E-008  in event            1 local:           1
 Added good helicity            5   3.3707182097920202E-008  in event            1 local:           1
 Added good helicity            6   3.6751837015442372E-008  in event            1 local:           1
 Added good helicity            9   1.3482872761721860E-007  in event            1 local:           1
 Added good helicity           10   1.6455662278036615E-007  in event            1 local:           1
 Added good helicity           13   2.5171268689921455       in event            1 local:           1
 Added good helicity           14   13.482872737654322       in event            1 local:           1
 Added good helicity           16   1.9810689537253528E-008  in event            1 local:           1
 RESET CUMULATIVE VARIABLE
 RESET CUMULATIVE VARIABLE
 RESET CUMULATIVE VARIABLE
 Iteration  1   Mean: 0.3494E-04 Abs mean: 0.3494E-04   Fluctuation:  0.135E-05   0.201E-03    97.8%
  1    0.3494E-04 0.3494E-04 +- 0.1351E-05      1.22
 Writing out events   7.1425664256983805E-009   1.2224446060874647     
 Relative summed weights:
  0.5025E+00  0.4975E+00
 Relative number of events:
  0.5101E+00  0.4899E+00
 Events:
         530         509
 Iteration  2   Mean: 0.3401E-04 Abs mean: 0.3401E-04   Fluctuation:  0.510E-06   0.149E-03    98.9%
  2    0.3401E-04 0.3401E-04 +- 0.5105E-06      0.67
 Relative summed weights:
  0.5048E+00  0.4952E+00
 Relative number of events:
  0.5130E+00  0.4870E+00
 Events:
        1026         974
 Iteration  3   Mean: 0.3349E-04 Abs mean: 0.3349E-04   Fluctuation:  0.251E-06   0.868E-04    99.0%
  3    0.3349E-04 0.3349E-04 +- 0.2507E-06      0.47
 Relative summed weights:
  0.4925E+00  0.5075E+00
 Relative number of events:
  0.4923E+00  0.5078E+00
 Events:
        1969        2031
 Accuracy:    0.006   0.100   0.007   0.951
 Finished due to accuracy    6.4347865693069996E-003  0.10000000000000001     

 -------------------------------------------------------------------------------
 Accumulated results:   Integral =  0.3363E-04
                        Std dev  =  0.2220E-06
                       Cross sec =  0.3363E-04
             Chi**2 per DoF.     =      0.9506
 -------------------------------------------------------------------------------
 Found          379  events.
 Wrote          376  events.
 Actual xsec    3.3633907869206023E-005
 Correct abs xsec    3.3633907869206023E-005
 Event xsec    3.3633907869206260E-005
 Events wgts > 1:            0
 % Cross section > 1:    0.0000000000000000        0.0000000000000000     
-------------------------------------------------
---------------------------
 Results Last   3 iters: Integral =   0.3363E-04
                     Abs integral =   0.3363E-04
                          Std dev =   0.2220E-06
                  Chi**2 per DoF. =      0.9084
-------------------------------------------------
---------------------------
 Status  0.10000000000000001                4           5

ls status:
events.lhe
ftn25
ftn26
input_app.txt
results.dat
run1_app.log
